
[INFO] New event: Movie Night created successfully
[INFO] Event with ID: 1 retrieved successfully
[INFO] Event with ID: 1 has been updated
[INFO] Event with ID: 1 has been deleted
[INFO] New event: Movie Night created successfully
[INFO] New event: Workshop created successfully
[INFO] Event with ID: 2 retrieved successfully
[INFO] Event with ID: 2 has been updated
[INFO] New event: Kids Story Time created successfully
[INFO] Event with ID: 4 retrieved successfully
[INFO] New event: Book Launch created successfully
[INFO] Event with ID: 4 retrieved successfully
[INFO] Event with ID: 4 has been updated
[INFO] Event with ID: 4 has been deleted
[INFO] Event with ID: 3 retrieved successfully
[INFO] Event with ID: 3 has been deleted
[INFO] New event: Movie Night created successfully
[INFO] Event with ID: 4 retrieved successfully
[INFO] Event with ID: 4 has been updated
[INFO] New event: Movie Night created successfully
[INFO] Event with ID: 4 retrieved successfully
[INFO] Event with ID: 4 has been updated
[INFO] Event with ID: 4 has been deleted
